==11640== Memcheck, a memory error detector
==11640== Copyright (C) 2002-2017, and GNU GPL'd, by Julian Seward et al.
==11640== Using Valgrind-3.13.0 and LibVEX; rerun with -h for copyright info
==11640== Command: ./Cub3D assets/maps/new_parse.cub
==11640== Parent PID: 11639
==11640== 
==11640== 
==11640== HEAP SUMMARY:
==11640==     in use at exit: 240 bytes in 2 blocks
==11640==   total heap usage: 42 allocs, 40 frees, 4,125 bytes allocated
==11640== 
==11640== 32 bytes in 1 blocks are still reachable in loss record 1 of 2
==11640==    at 0x4C2FB0F: malloc (in /usr/lib/valgrind/vgpreload_memcheck-amd64-linux.so)
==11640==    by 0x40E949: init_brain (in /home/user42/42/Cube3D/Linux/Cub3D)
==11640==    by 0x40EA9A: get_brain (in /home/user42/42/Cube3D/Linux/Cub3D)
==11640==    by 0x40EC59: get_next_line (in /home/user42/42/Cube3D/Linux/Cub3D)
==11640==    by 0x402B8C: ft_getmap_flag (in /home/user42/42/Cube3D/Linux/Cub3D)
==11640==    by 0x40206A: main (in /home/user42/42/Cube3D/Linux/Cub3D)
==11640== 
==11640== 208 bytes in 1 blocks are still reachable in loss record 2 of 2
==11640==    at 0x4C2FB0F: malloc (in /usr/lib/valgrind/vgpreload_memcheck-amd64-linux.so)
==11640==    by 0x40EF58: ft_strnjoin (in /home/user42/42/Cube3D/Linux/Cub3D)
==11640==    by 0x40EB71: treat_left (in /home/user42/42/Cube3D/Linux/Cub3D)
==11640==    by 0x40EC82: get_next_line (in /home/user42/42/Cube3D/Linux/Cub3D)
==11640==    by 0x402BEE: ft_getmap_flag (in /home/user42/42/Cube3D/Linux/Cub3D)
==11640==    by 0x40206A: main (in /home/user42/42/Cube3D/Linux/Cub3D)
==11640== 
==11640== LEAK SUMMARY:
==11640==    definitely lost: 0 bytes in 0 blocks
==11640==    indirectly lost: 0 bytes in 0 blocks
==11640==      possibly lost: 0 bytes in 0 blocks
==11640==    still reachable: 240 bytes in 2 blocks
==11640==         suppressed: 0 bytes in 0 blocks
==11640== 
==11640== For counts of detected and suppressed errors, rerun with: -v
==11640== ERROR SUMMARY: 0 errors from 0 contexts (suppressed: 0 from 0)
